<?xml version="1.0" encoding="UTF-8"?>
<!-- Generated by org.testng.reporters.JUnitReportReporter -->
<testsuite hostname="Vamsi-PC" failures="0" tests="1" name="Test1_Get_request" time="4.875" errors="0" timestamp="2022-02-25T10:41:11 EST" skipped="0">
  <testcase classname="Test1_Get_request" name="getweatherdetails" time="4.875"/>
  <system-out/>
</testsuite> <!-- Test1_Get_request -->
